[debug] [2020-12-28T06:06:25.339Z] ----------------------------------------------------------------------
[debug] [2020-12-28T06:06:25.346Z] Command:       C:\Program Files\nodejs\node.exe C:\Users\WINDOWS-10\AppData\Roaming\npm\node_modules\firebase-tools\lib\bin\firebase.js init
[debug] [2020-12-28T06:06:25.347Z] CLI Version:   9.1.0
[debug] [2020-12-28T06:06:25.347Z] Platform:      win32
[debug] [2020-12-28T06:06:25.347Z] Node Version:  v14.15.3
[debug] [2020-12-28T06:06:25.350Z] Time:          Mon Dec 28 2020 11:36:25 GMT+0530 (India Standard Time)
[debug] [2020-12-28T06:06:25.351Z] ----------------------------------------------------------------------
[debug] [2020-12-28T06:06:25.351Z] 
[debug] [2020-12-28T06:06:25.369Z] > command requires scopes: ["email","openid","https://www.googleapis.com/auth/cloudplatformprojects.readonly","https://www.googleapis.com/auth/firebase","https://www.googleapis.com/auth/cloud-platform"]
[debug] [2020-12-28T06:06:25.372Z] > authorizing via signed-in user
[info] 
     ######## #### ########  ######## ########     ###     ######  ########
     ##        ##  ##     ## ##       ##     ##  ##   ##  ##       ##
     ######    ##  ########  ######   ########  #########  ######  ######
     ##        ##  ##    ##  ##       ##     ## ##     ##       ## ##
     ##       #### ##     ## ######## ########  ##     ##  ######  ########

You're about to initialize a Firebase project in this directory:

  C:\quizz\quizzapp

Before we get started, keep in mind:

  * You are currently outside your home directory
  * You are initializing in an existing Firebase project directory

[info] 
=== Project Setup
[info] 
[info] First, let's associate this project directory with a Firebase project.
[info] You can create multiple project aliases by running firebase use --add, 
[info] but for now we'll just set up a default project.
[info] 
[info] i  .firebaserc already has a default project, using quizz-app-bc2cd. 
[debug] [2020-12-28T06:06:33.016Z] >>> HTTP REQUEST GET https://firebase.googleapis.com/v1beta1/projects/quizz-app-bc2cd  
 
[debug] [2020-12-28T06:06:54.153Z] Server Error. connect ETIMEDOUT 216.58.200.138:443
[debug] [2020-12-28T06:06:54.422Z] FirebaseError: Server Error. connect ETIMEDOUT 216.58.200.138:443
    at Request._callback (C:\Users\WINDOWS-10\AppData\Roaming\npm\node_modules\firebase-tools\lib\api.js:32:31)
    at self.callback (C:\Users\WINDOWS-10\AppData\Roaming\npm\node_modules\firebase-tools\node_modules\request\request.js:185:22)
    at Request.emit (events.js:315:20)
    at Request.EventEmitter.emit (domain.js:467:12)
    at Request.onRequestError (C:\Users\WINDOWS-10\AppData\Roaming\npm\node_modules\firebase-tools\node_modules\request\request.js:877:8)
    at ClientRequest.emit (events.js:327:22)
    at ClientRequest.EventEmitter.emit (domain.js:467:12)
    at TLSSocket.socketErrorListener (_http_client.js:469:9)
    at TLSSocket.emit (events.js:315:20)
    at TLSSocket.EventEmitter.emit (domain.js:467:12)
    at emitErrorNT (internal/streams/destroy.js:106:8)
    at emitErrorCloseNT (internal/streams/destroy.js:74:3)
    at processTicksAndRejections (internal/process/task_queues.js:80:21)
[error] 
[error] Error: Failed to get Firebase project quizz-app-bc2cd. Please make sure the project exists and your account has permission to access it.
